grooper
talker

writeftr
larry
patti
stopwalk
llroom
door

000
init
debug
disp
color
password
about
inventry
ttdialer
charger

holywood

100
110
120
130
140
150
160
170
180
190

200
205
250
258
260
270
280
290
295

310
320
380
385
390

400
405
410
415
420
425
430
435
440
445
450
460
480

500
510
520
525
530
535

600
620
640
660
690

700
710
720
730
740
750
760
780
790

800
820
840
850
860
870
880
890

900
905
910
915
920
